2025-08-29 11:44:25 Loading main app package /usr/lib/obsidian/obsidian.asar
2025-08-29 11:44:25 Checking for update using Github
2025-08-29 11:44:25 Success.
2025-08-29 11:44:25 Latest version is 1.9.12
2025-08-29 11:44:25 App is up to date.
2025-08-29 12:44:25 Checking for update using Github
2025-08-29 12:44:25 Success.
2025-08-29 12:44:25 Latest version is 1.9.12
2025-08-29 12:44:25 App is up to date.
2025-08-29 13:54:35 Checking for update using Github
2025-08-29 13:54:35 Success.
2025-08-29 13:54:35 Latest version is 1.9.12
2025-08-29 13:54:35 App is up to date.
2025-08-29 14:54:36 Checking for update using Github
2025-08-29 14:54:36 Success.
2025-08-29 14:54:36 Latest version is 1.9.12
2025-08-29 14:54:36 App is up to date.
2025-08-29 15:54:36 Checking for update using Github
2025-08-29 15:54:36 Success.
2025-08-29 15:54:36 Latest version is 1.9.12
2025-08-29 15:54:36 App is up to date.
2025-08-29 16:54:36 Checking for update using Github
2025-08-29 16:54:37 Success.
2025-08-29 16:54:37 Latest version is 1.9.12
2025-08-29 16:54:37 App is up to date.
2025-08-30 03:10:50 Loading main app package /usr/lib/obsidian/obsidian.asar
2025-08-30 03:10:50 Checking for update using Github
2025-08-30 03:11:00 Success.
2025-08-30 03:11:00 Latest version is 1.9.12
2025-08-30 03:11:00 App is up to date.
2025-08-30 04:10:50 Checking for update using Github
2025-08-30 04:10:50 Success.
2025-08-30 04:10:50 Latest version is 1.9.12
2025-08-30 04:10:50 App is up to date.
2025-08-30 05:10:50 Checking for update using Github
2025-08-30 05:10:50 Success.
2025-08-30 05:10:50 Latest version is 1.9.12
2025-08-30 05:10:50 App is up to date.
2025-08-30 05:45:39 Loading main app package /usr/lib/obsidian/obsidian.asar
2025-08-30 05:45:39 Checking for update using Github
2025-08-30 05:45:39 Failed to check for update using Github (net::ERR_INTERNET_DISCONNECTED)
2025-08-30 05:45:39 Checking for update using obsidian.md
2025-08-30 05:45:39 Failed to check for update using obsidian.md (net::ERR_INTERNET_DISCONNECTED)
2025-08-30 06:45:38 Checking for update using Github
2025-08-30 06:45:41 Success.
2025-08-30 06:45:41 Latest version is 1.9.12
2025-08-30 06:45:41 App is up to date.
2025-08-30 17:00:49 Loading main app package /usr/lib/obsidian/obsidian.asar
2025-08-30 17:00:49 Checking for update using Github
2025-08-30 17:00:50 Success.
2025-08-30 17:00:50 Latest version is 1.9.12
2025-08-30 17:00:50 App is up to date.
2025-08-31 02:43:47 Loading main app package /usr/lib/obsidian/obsidian.asar
2025-08-31 02:43:47 Checking for update using Github
2025-08-31 02:43:48 Success.
2025-08-31 02:43:48 Latest version is 1.9.12
2025-08-31 02:43:48 App is up to date.
2025-08-31 03:43:47 Checking for update using Github
2025-08-31 03:43:47 Success.
2025-08-31 03:43:47 Latest version is 1.9.12
2025-08-31 03:43:47 App is up to date.
2025-08-31 03:46:05 Loading main app package /usr/lib/obsidian/obsidian.asar
2025-08-31 03:46:05 Checking for update using Github
2025-08-31 03:46:05 Success.
2025-08-31 03:46:05 Latest version is 1.9.12
2025-08-31 03:46:05 App is up to date.
2025-08-31 04:46:05 Checking for update using Github
2025-08-31 04:46:05 Success.
2025-08-31 04:46:05 Latest version is 1.9.12
2025-08-31 04:46:05 App is up to date.
2025-08-31 05:46:05 Checking for update using Github
2025-08-31 05:46:05 Success.
2025-08-31 05:46:05 Latest version is 1.9.12
2025-08-31 05:46:05 App is up to date.
2025-08-31 07:48:21 Loading main app package /usr/lib/obsidian/obsidian.asar
2025-08-31 07:48:21 Checking for update using Github
2025-08-31 07:48:22 Success.
2025-08-31 07:48:22 Latest version is 1.9.12
2025-08-31 07:48:22 App is up to date.
2025-08-31 14:12:21 Loading main app package /usr/lib/obsidian/obsidian.asar
2025-08-31 14:12:21 Checking for update using Github
2025-08-31 14:12:21 Success.
2025-08-31 14:12:21 Latest version is 1.9.12
2025-08-31 14:12:21 App is up to date.
2025-08-31 14:22:54 Loading main app package /usr/lib/obsidian/obsidian.asar
2025-08-31 14:22:54 Checking for update using Github
2025-08-31 14:22:55 Success.
2025-08-31 14:22:55 Latest version is 1.9.12
2025-08-31 14:22:55 App is up to date.
2025-08-31 14:29:58 Loading main app package /usr/lib/obsidian/obsidian.asar
2025-08-31 14:29:58 Checking for update using Github
2025-08-31 14:29:59 Success.
2025-08-31 14:29:59 Latest version is 1.9.12
2025-08-31 14:29:59 App is up to date.
2025-08-31 16:10:01 Loading main app package /usr/lib/obsidian/obsidian.asar
2025-08-31 16:10:01 Checking for update using Github
2025-08-31 16:10:01 Success.
2025-08-31 16:10:01 Latest version is 1.9.12
2025-08-31 16:10:01 App is up to date.
2025-08-31 17:10:01 Checking for update using Github
2025-08-31 17:10:01 Success.
2025-08-31 17:10:01 Latest version is 1.9.12
2025-08-31 17:10:01 App is up to date.
2025-09-01 14:01:35 Loading main app package /usr/lib/obsidian/obsidian.asar
2025-09-01 14:01:35 Checking for update using Github
2025-09-01 14:01:36 Success.
2025-09-01 14:01:36 Latest version is 1.9.12
2025-09-01 14:01:36 App is up to date.
2025-09-01 14:47:10 Loading main app package /usr/lib/obsidian/obsidian.asar
2025-09-01 14:47:10 Checking for update using Github
2025-09-01 14:47:11 Success.
2025-09-01 14:47:11 Latest version is 1.9.12
2025-09-01 14:47:11 App is up to date.
2025-09-01 15:47:10 Checking for update using Github
2025-09-01 15:47:10 Success.
2025-09-01 15:47:10 Latest version is 1.9.12
2025-09-01 15:47:10 App is up to date.
2025-09-01 16:48:14 Checking for update using Github
2025-09-01 16:48:15 Success.
2025-09-01 16:48:15 Latest version is 1.9.12
2025-09-01 16:48:15 App is up to date.
2025-09-02 06:50:02 Loading main app package /usr/lib/obsidian/obsidian.asar
2025-09-02 06:50:03 Checking for update using Github
2025-09-02 06:50:03 Success.
2025-09-02 06:50:03 Latest version is 1.9.12
2025-09-02 06:50:03 App is up to date.
2025-09-02 07:16:57 Loading main app package /usr/lib/obsidian/obsidian.asar
2025-09-02 07:16:57 Checking for update using Github
